<?xml version="1.0" encoding="UTF-8"?>
<testng-results ignored="0" total="1" passed="1" failed="0" skipped="0">
  <reporter-output>
  </reporter-output>
  <suite started-at="2022-06-18T18:36:44 IST" name="Default suite" finished-at="2022-06-18T18:37:42 IST" duration-ms="57665">
    <groups>
    </groups>
    <test started-at="2022-06-18T18:36:44 IST" name="Default test" finished-at="2022-06-18T18:37:42 IST" duration-ms="57665">
      <class name="practo.DrpDown">
        <test-method signature="dropDownHandling()[pri:0, instance:practo.DrpDown@2f112965]" started-at="2022-06-18T18:36:44 IST" name="dropDownHandling" finished-at="2022-06-18T18:37:42 IST" duration-ms="57629" status="PASS">
          <reporter-output>
          </reporter-output>
        </test-method> <!-- dropDownHandling -->
      </class> <!-- practo.DrpDown -->
    </test> <!-- Default test -->
  </suite> <!-- Default suite -->
</testng-results>
